info it worked if it ends with ok
verbose cli [ 'node', '/Users/seanhess/local/bin/npm', 'publish' ]
info using npm@1.1.15
info using node@v0.6.12
verbose config file /Users/seanhess/.npmrc
verbose config file /Users/seanhess/local/etc/npmrc
verbose config file /Users/seanhess/local/lib/node_modules/npm/npmrc
verbose publish [ '.' ]
verbose caching /Users/seanhess/itv/fjs/package.json
verbose loadDefaults fjs@0.2.1
info prepublish fjs@0.2.1
verbose cache add [ '.', null ]
silly cache add: name, spec, args [ undefined, '.', [ '.', null ] ]
verbose parsed url { pathname: '.', path: '.', href: '.' }
verbose caching package.json
verbose loadDefaults fjs@0.2.1
verbose tar.pack [ '/var/folders/cx/v89jr_gx5g5g8f0wx11r02vh0000gn/T/npm-1335994516746/1335994516746-0.7246269246097654/tmp.tgz',
verbose tar.pack   '.' ]
verbose tarball /var/folders/cx/v89jr_gx5g5g8f0wx11r02vh0000gn/T/npm-1335994516746/1335994516746-0.7246269246097654/tmp.tgz
verbose folder .
verbose unpack /var/folders/cx/v89jr_gx5g5g8f0wx11r02vh0000gn/T/npm-1335994516746/1335994516746-0.7246269246097654/tmp.tgz
silly gunzTarPerm modes [ '755', '644' ]
silly extracting entry package.json
silly extracting entry .npmignore
silly extracting entry README.md
silly extracting entry index.js
silly extracting entry index.coffee
silly extracting entry test.coffee
verbose caching /var/folders/cx/v89jr_gx5g5g8f0wx11r02vh0000gn/T/npm-1335994516746/1335994516746-0.7246269246097654/package/package.json
verbose loadDefaults fjs@0.2.1
verbose from cache /var/folders/cx/v89jr_gx5g5g8f0wx11r02vh0000gn/T/npm-1335994516746/1335994516746-0.7246269246097654/package/package.json
verbose tar.pack [ '/Users/seanhess/.npm/fjs/0.2.1/package.tgz',
verbose tar.pack   '/var/folders/cx/v89jr_gx5g5g8f0wx11r02vh0000gn/T/npm-1335994516746/1335994516746-0.7246269246097654/package' ]
verbose tarball /Users/seanhess/.npm/fjs/0.2.1/package.tgz
verbose folder /var/folders/cx/v89jr_gx5g5g8f0wx11r02vh0000gn/T/npm-1335994516746/1335994516746-0.7246269246097654/package
verbose unpack /Users/seanhess/.npm/fjs/0.2.1/package.tgz
silly gunzTarPerm modes [ '755', '644' ]
silly extracting entry package.json
silly extracting entry .npmignore
silly extracting entry README.md
silly extracting entry index.js
silly extracting entry index.coffee
silly extracting entry test.coffee
verbose caching /Users/seanhess/.npm/fjs/0.2.1/package/package.json
verbose loadDefaults fjs@0.2.1
silly updated sha bytes 1576
info shasum 7164f1ef171f105a286a317cfd6857979fd67381
info shasum /Users/seanhess/.npm/fjs/0.2.1/package.tgz
verbose from cache /Users/seanhess/.npm/fjs/0.2.1/package/package.json
verbose chmod /Users/seanhess/.npm/fjs/0.2.1/package.tgz 644
verbose chown [ '/Users/seanhess/.npm/fjs/0.2.1/package.tgz', 501, 20 ]
silly publish { author: 
silly publish    { name: 'Sean Hess',
silly publish      email: 'sean@i.tv',
silly publish      url: 'http://seanhess.github.com' },
silly publish   name: 'fjs',
silly publish   description: 'Utilities for Functional Javascript',
silly publish   version: '0.2.1',
silly publish   homepage: 'http://github.com/idottv/fjs',
silly publish   scripts: { test: 'node_modules/.bin/mocha --compilers coffee:coffee-script test.coffee' },
silly publish   repository: { type: 'git', url: 'git@github.com:idottv/fjs.git' },
silly publish   dependencies: { 'coffee-script': '1.3.1' },
silly publish   devDependencies: { mocha: '0.14.1' },
silly publish   optionalDependencies: {},
silly publish   _npmUser: { name: 'seanhess', email: 'seanhess@gmail.com' },
silly publish   _id: 'fjs@0.2.1',
silly publish   engines: { node: '*' },
silly publish   _engineSupported: true,
silly publish   _npmVersion: '1.1.15',
silly publish   _nodeVersion: 'v0.6.12',
silly publish   _defaultsLoaded: true,
silly publish   dist: 
silly publish    { shasum: '7164f1ef171f105a286a317cfd6857979fd67381',
silly publish      tarball: 'http://registry.npmjs.org/fjs/-/fjs-0.2.1.tgz' } }
verbose raw, before any munging fjs
verbose url resolving [ 'https://registry.npmjs.org/', './fjs' ]
verbose url resolved https://registry.npmjs.org/fjs
http PUT https://registry.npmjs.org/fjs
http 409 https://registry.npmjs.org/fjs
verbose raw, before any munging fjs
verbose url resolving [ 'https://registry.npmjs.org/', './fjs' ]
verbose url resolved https://registry.npmjs.org/fjs
http GET https://registry.npmjs.org/fjs
http 200 https://registry.npmjs.org/fjs
info Already published fjs@0.2.1
verbose uploading bin dists []
ERR! publish fail Cannot publish over existing version.
ERR! publish fail Bump the 'version' field, set the --force flag, or
ERR! publish fail     npm unpublish 'fjs@0.2.1'
ERR! publish fail and try again
ERR! 
ERR! System Darwin 11.3.0
ERR! command "node" "/Users/seanhess/local/bin/npm" "publish"
ERR! cwd /Users/seanhess/itv/fjs
ERR! node -v v0.6.12
ERR! npm -v 1.1.15
ERR! code EPUBLISHCONFLICT
ERR! message publish fail
ERR! errno {}
verbose exit [ 1, true ]
